############################################################################################
###[1;93m                               Density vs T (kg m^-3)                                 [0m###
###[1;93m Temperature  Pressure  Reference  Calculated +- Stdev     Delta    Weight    Term    [0m###
############################################################################################
      249.15      1.0 atm   990.497      990.438 +- 0.641    -0.059   0.00000   0.00000 
      253.15      1.0 atm   993.547      992.997 +- 0.509    -0.550   0.02864   0.00216 
      257.15      1.0 atm   995.816      995.219 +- 0.415    -0.597   0.02864   0.00255 
      261.15      1.0 atm   997.476      997.084 +- 0.354    -0.392   0.02864   0.00110 
      265.15      1.0 atm   998.647      998.534 +- 0.307    -0.113   0.02864   0.00009 
      269.15      1.0 atm   999.414      999.578 +- 0.265     0.164   0.02864   0.00019 
      273.15      1.0 atm   999.840     1000.243 +- 0.230     0.403   0.02864   0.00116 
      277.15      1.0 atm   999.972     1000.542 +- 0.201     0.570   0.02864   0.00232 
      281.15      1.0 atm   999.848     1000.499 +- 0.173     0.651   0.02864   0.00303 
      285.15      1.0 atm   999.497     1000.166 +- 0.146     0.669   0.02864   0.00320 
      289.15      1.0 atm   998.943      999.602 +- 0.125     0.659   0.02864   0.00311 
      293.15      1.0 atm   998.204      998.853 +- 0.113     0.649   0.02864   0.00301 
      298.15      1.0 atm   997.045      997.698 +- 0.106     0.653   0.02864   0.00305 
      301.15      1.0 atm   996.234      996.900 +- 0.103     0.666   0.02864   0.00317 
      305.15      1.0 atm   995.026      995.717 +- 0.100     0.691   0.02864   0.00342 
      309.15      1.0 atm   993.684      994.403 +- 0.100     0.719   0.02864   0.00370 
      313.15      1.0 atm   992.216      992.954 +- 0.103     0.738   0.02864   0.00390 
      317.15      1.0 atm   990.628      991.370 +- 0.107     0.742   0.02864   0.00394 
      321.15      1.0 atm   988.927      989.651 +- 0.110     0.724   0.02864   0.00376 
      325.15      1.0 atm   987.119      987.802 +- 0.110     0.683   0.02864   0.00334 
      329.15      1.0 atm   985.208      985.821 +- 0.110     0.613   0.02864   0.00269 
      333.15      1.0 atm   983.199      983.716 +- 0.109     0.517   0.02864   0.00192 
      337.15      1.0 atm   981.095      981.502 +- 0.108     0.407   0.02864   0.00119 
      341.15      1.0 atm   978.900      979.197 +- 0.109     0.297   0.02864   0.00063 
      345.15      1.0 atm   976.617      976.813 +- 0.109     0.196   0.02864   0.00028 
      349.15      1.0 atm   974.249      974.347 +- 0.110     0.098   0.02864   0.00007 
      353.15      1.0 atm   971.798      971.786 +- 0.112    -0.012   0.02864   0.00000 
      357.15      1.0 atm   969.266      969.117 +- 0.114    -0.149   0.02864   0.00016 
      361.15      1.0 atm   966.655      966.336 +- 0.120    -0.319   0.02864   0.00073 
      365.15      1.0 atm   963.966      963.448 +- 0.130    -0.518   0.02864   0.00192 
      369.15      1.0 atm   961.202      960.464 +- 0.144    -0.738   0.02864   0.00389 
      373.15      1.0 atm   958.364      957.398 +- 0.161    -0.966   0.02864   0.00668 
      298.15     20.0 bar   997.902      998.475 +- 0.105     0.573   0.02864   0.00235 
      298.15     50.0 bar   999.246      999.697 +- 0.105     0.451   0.02864   0.00146 
      298.15    100.0 bar  1001.467     1001.721 +- 0.104     0.254   0.02864   0.00046 
      298.15    250.0 bar  1007.993     1007.693 +- 0.102    -0.300   0.01145   0.00026 
      298.15    500.0 bar  1018.439     1017.301 +- 0.103    -1.138   0.00573   0.00185 
      298.15    750.0 bar  1028.385     1026.465 +- 0.112    -1.920   0.00381   0.00351 
      298.15   1000.0 bar  1037.872     1035.229 +- 0.125    -2.643   0.00286   0.00500 
      298.15   2000.0 bar  1071.908     1067.233 +- 0.209    -4.675   0.00143   0.00782 
      298.15   4000.0 bar  1126.580     1118.821 +- 0.245    -7.759   0.00072   0.01078 
      298.15   8000.0 bar  1206.748     1193.810 +- 0.219   -12.938   0.00034   0.01438 
--------------------------------------------------------------------------------------------

##########################################################
###[92m  Density objective function:  0.118, Derivative:   [0m###
##########################################################
   0 [ -8.9681e-02 ] : Bond/k/73.74
   1 [  4.8407e+00 ] : Bond/length/73.74
   2 [ -1.1554e+00 ] : Angle/angle1/74.73.74
   3 [ -7.6170e-01 ] : Angle/k/74.73.74
   4 [ -6.3104e+00 ] : Vdw/epsilon/73
   5 [ -3.3003e+01 ] : Vdw/sigma/73
   6 [ -2.5604e+01 ] : Multipole/c0/380.-381.-381
   7 [  3.2067e+00 ] : Multipole/d3/380.-381.-381
   8 [  6.4140e-01 ] : Multipole/q11/380.-381.-381
   9 [ -1.9835e+00 ] : Multipole/q22/380.-381.-381
  10 [  2.3612e+00 ] : Multipole/d1/381.380.381
  11 [ -7.5498e+00 ] : Multipole/d3/381.380.381
  12 [  4.9335e+00 ] : Multipole/q11/381.380.381
  13 [ -2.1701e+00 ] : Multipole/q22/381.380.381
  14 [  4.0734e+00 ] : Multipole/q31/381.380.381
  15 [  6.4211e+00 ] : Polarize/thole/380
  16 [ -4.3992e-02 ] : UreyBradley/k/74.73.74
  17 [  4.0081e-02 ] : GPol/glob
  18 [ -1.2075e-01 ] : GPol/oext
----------------------------------------------------------

############################################################################################
###[1;93m                      Enthalpy of Vaporization vs T (kJ mol^-1)                       [0m###
###[1;93m Temperature  Pressure  Reference  Calculated +- Stdev     Delta    Weight    Term    [0m###
############################################################################################
      249.15      1.0 atm    46.103        0.000 +- 0.000   -46.103   0.00000   0.00000 
      253.15      1.0 atm    45.919       48.965 +- 0.042     3.046   0.03226   0.01198 
      257.15      1.0 atm    45.740       48.652 +- 0.039     2.912   0.03226   0.01094 
      261.15      1.0 atm    45.565       48.348 +- 0.038     2.783   0.03226   0.00999 
      265.15      1.0 atm    45.393       48.051 +- 0.037     2.658   0.03226   0.00912 
      269.15      1.0 atm    45.223       47.761 +- 0.036     2.538   0.03226   0.00831 
      273.15      1.0 atm    45.053       47.476 +- 0.034     2.423   0.03226   0.00757 
      277.15      1.0 atm    44.884       47.195 +- 0.033     2.311   0.03226   0.00689 
      281.15      1.0 atm    44.714       46.918 +- 0.031     2.204   0.03226   0.00627 
      285.15      1.0 atm    44.544       46.642 +- 0.029     2.098   0.03226   0.00568 
      289.15      1.0 atm    44.374       46.369 +- 0.027     1.995   0.03226   0.00514 
      293.15      1.0 atm    44.203       46.097 +- 0.026     1.894   0.03226   0.00463 
      298.15      1.0 atm    43.989       45.761 +- 0.026     1.772   0.03226   0.00405 
      301.15      1.0 atm    43.861       45.562 +- 0.027     1.701   0.03226   0.00373 
      305.15      1.0 atm    43.689       45.299 +- 0.028     1.610   0.03226   0.00334 
      309.15      1.0 atm    43.517       45.038 +- 0.030     1.521   0.03226   0.00299 
      313.15      1.0 atm    43.345       44.778 +- 0.033     1.433   0.03226   0.00265 
      317.15      1.0 atm    43.172       44.519 +- 0.035     1.347   0.03226   0.00234 
      321.15      1.0 atm    42.999       44.261 +- 0.036     1.262   0.03226   0.00205 
      325.15      1.0 atm    42.826       44.003 +- 0.036     1.177   0.03226   0.00179 
      329.15      1.0 atm    42.652       43.747 +- 0.036     1.095   0.03226   0.00155 
      333.15      1.0 atm    42.476       43.491 +- 0.036     1.015   0.03226   0.00133 
      337.15      1.0 atm    42.300       43.236 +- 0.036     0.936   0.03226   0.00113 
      341.15      1.0 atm    42.123       42.983 +- 0.036     0.860   0.03226   0.00095 
      345.15      1.0 atm    41.943       42.731 +- 0.036     0.788   0.03226   0.00080 
      349.15      1.0 atm    41.762       42.480 +- 0.037     0.718   0.03226   0.00067 
      353.15      1.0 atm    41.580       42.228 +- 0.038     0.648   0.03226   0.00054 
      357.15      1.0 atm    41.396       41.975 +- 0.040     0.579   0.03226   0.00043 
      361.15      1.0 atm    41.210       41.721 +- 0.043     0.511   0.03226   0.00034 
      365.15      1.0 atm    41.024       41.468 +- 0.048     0.444   0.03226   0.00025 
      369.15      1.0 atm    40.837       41.215 +- 0.054     0.378   0.03226   0.00018 
      373.15      1.0 atm    40.652       40.963 +- 0.060     0.311   0.03226   0.00013 
      298.15     20.0 bar    43.989        0.000 +- 0.000   -43.989   0.00000   0.00000 
      298.15     50.0 bar    43.989        0.000 +- 0.000   -43.989   0.00000   0.00000 
      298.15    100.0 bar    43.989        0.000 +- 0.000   -43.989   0.00000   0.00000 
      298.15    250.0 bar    43.989        0.000 +- 0.000   -43.989   0.00000   0.00000 
      298.15    500.0 bar    43.989        0.000 +- 0.000   -43.989   0.00000   0.00000 
      298.15    750.0 bar    43.989        0.000 +- 0.000   -43.989   0.00000   0.00000 
      298.15   1000.0 bar    43.989        0.000 +- 0.000   -43.989   0.00000   0.00000 
      298.15   2000.0 bar    43.989        0.000 +- 0.000   -43.989   0.00000   0.00000 
      298.15   4000.0 bar    43.989        0.000 +- 0.000   -43.989   0.00000   0.00000 
      298.15   8000.0 bar    43.989        0.000 +- 0.000   -43.989   0.00000   0.00000 
--------------------------------------------------------------------------------------------

##########################################################
###[92m   H_vap objective function:  0.118, Derivative:    [0m###
##########################################################
   0 [ -3.3475e-02 ] : Bond/k/73.74
   1 [  2.6821e+00 ] : Bond/length/73.74
   2 [ -4.2145e-01 ] : Angle/angle1/74.73.74
   3 [ -1.7100e-01 ] : Angle/k/74.73.74
   4 [ -1.1057e+00 ] : Vdw/epsilon/73
   5 [ -3.5467e+00 ] : Vdw/sigma/73
   6 [ -1.1494e+01 ] : Multipole/c0/380.-381.-381
   7 [  1.5601e+00 ] : Multipole/d3/380.-381.-381
   8 [  5.3711e-01 ] : Multipole/q11/380.-381.-381
   9 [ -4.7721e-01 ] : Multipole/q22/380.-381.-381
  10 [  9.5740e-01 ] : Multipole/d1/381.380.381
  11 [ -4.1300e+00 ] : Multipole/d3/381.380.381
  12 [ -1.8903e+00 ] : Multipole/q11/381.380.381
  13 [ -2.4867e+00 ] : Multipole/q22/381.380.381
  14 [  1.2442e+00 ] : Multipole/q31/381.380.381
  15 [  1.9825e+00 ] : Polarize/thole/380
  16 [ -9.7372e-03 ] : UreyBradley/k/74.73.74
  17 [  2.6178e-02 ] : GPol/glob
  18 [ -7.4192e-02 ] : GPol/oext
----------------------------------------------------------

############################################################################################
###[1;93m                   Thermal Expansion Coefficient vs T (10^-4 K^-1)                    [0m###
###[1;93m Temperature  Pressure  Reference  Calculated +- Stdev     Delta    Weight    Term    [0m###
############################################################################################
      249.15      1.0 atm    -8.877       -7.010 +- 1.420     1.867   0.00000   0.00000 
      253.15      1.0 atm    -6.606       -5.987 +- 1.067     0.619   0.02864   0.01096 
      257.15      1.0 atm    -4.874       -5.168 +- 0.807    -0.294   0.02864   0.00247 
      261.15      1.0 atm    -3.506       -4.170 +- 0.640    -0.664   0.02864   0.01264 
      265.15      1.0 atm    -2.395       -3.114 +- 0.529    -0.719   0.02864   0.01481 
      269.15      1.0 atm    -1.469       -2.131 +- 0.447    -0.662   0.02864   0.01256 
      273.15      1.0 atm    -0.680       -1.200 +- 0.387    -0.520   0.02864   0.00774 
      277.15      1.0 atm     0.003       -0.306 +- 0.342    -0.309   0.02864   0.00273 
      281.15      1.0 atm     0.604        0.492 +- 0.300    -0.112   0.02864   0.00036 
      285.15      1.0 atm     1.141        1.143 +- 0.254     0.002   0.02864   0.00000 
      289.15      1.0 atm     1.626        1.656 +- 0.215     0.030   0.02864   0.00003 
      293.15      1.0 atm     2.068        2.079 +- 0.190     0.011   0.02864   0.00000 
      298.15      1.0 atm     2.572        2.543 +- 0.177    -0.029   0.02864   0.00002 
      301.15      1.0 atm     2.853        2.803 +- 0.174    -0.050   0.02864   0.00007 
      305.15      1.0 atm     3.206        3.141 +- 0.172    -0.065   0.02864   0.00012 
      309.15      1.0 atm     3.539        3.481 +- 0.175    -0.058   0.02864   0.00010 
      313.15      1.0 atm     3.853        3.827 +- 0.182    -0.026   0.02864   0.00002 
      317.15      1.0 atm     4.152        4.174 +- 0.188     0.022   0.02864   0.00001 
      321.15      1.0 atm     4.438        4.516 +- 0.191     0.078   0.02864   0.00018 
      325.15      1.0 atm     4.712        4.858 +- 0.190     0.146   0.02864   0.00061 
      329.15      1.0 atm     4.975        5.197 +- 0.188     0.222   0.02864   0.00141 
      333.15      1.0 atm     5.231        5.511 +- 0.184     0.280   0.02864   0.00224 
      337.15      1.0 atm     5.478        5.778 +- 0.181     0.300   0.02864   0.00257 
      341.15      1.0 atm     5.719        6.002 +- 0.178     0.283   0.02864   0.00230 
      345.15      1.0 atm     5.954        6.218 +- 0.176     0.264   0.02864   0.00200 
      349.15      1.0 atm     6.185        6.461 +- 0.176     0.276   0.02864   0.00218 
      353.15      1.0 atm     6.411        6.743 +- 0.177     0.332   0.02864   0.00315 
      357.15      1.0 atm     6.633        7.049 +- 0.182     0.416   0.02864   0.00497 
      361.15      1.0 atm     6.853        7.356 +- 0.191     0.503   0.02864   0.00726 
      365.15      1.0 atm     7.071        7.643 +- 0.207     0.572   0.02864   0.00938 
      369.15      1.0 atm     7.287        7.899 +- 0.229     0.612   0.02864   0.01072 
      373.15      1.0 atm     7.501        8.124 +- 0.256     0.623   0.02864   0.01110 
      298.15     20.0 bar     2.594        2.557 +- 0.177    -0.037   0.02864   0.00004 
      298.15     50.0 bar     2.627        2.578 +- 0.176    -0.049   0.02864   0.00007 
      298.15    100.0 bar     2.682        2.615 +- 0.175    -0.067   0.02864   0.00013 
      298.15    250.0 bar     2.840        2.723 +- 0.174    -0.117   0.01145   0.00016 
      298.15    500.0 bar     3.086        2.887 +- 0.178    -0.199   0.00573   0.00023 
      298.15    750.0 bar     3.307        3.018 +- 0.192    -0.289   0.00381   0.00032 
      298.15   1000.0 bar     3.502        3.120 +- 0.211    -0.382   0.00286   0.00042 
      298.15   2000.0 bar     4.044        3.267 +- 0.367    -0.777   0.00143   0.00086 
      298.15   4000.0 bar     4.407        3.945 +- 0.396    -0.462   0.00072   0.00015 
      298.15   8000.0 bar     4.300        3.982 +- 0.416    -0.318   0.00034   0.00003 
--------------------------------------------------------------------------------------------

#################################################################
###[92m Thermal Expansion objective function:  0.127, Derivative: [0m###
#################################################################
   0 [ -2.0200e-02 ] : Bond/k/73.74
   1 [  1.0945e+00 ] : Bond/length/73.74
   2 [ -1.7120e-01 ] : Angle/angle1/74.73.74
   3 [ -8.7632e-03 ] : Angle/k/74.73.74
   4 [ -1.6356e+00 ] : Vdw/epsilon/73
   5 [ -1.6206e+00 ] : Vdw/sigma/73
   6 [ -7.0971e+00 ] : Multipole/c0/380.-381.-381
   7 [  4.8883e-01 ] : Multipole/d3/380.-381.-381
   8 [  1.2950e-01 ] : Multipole/q11/380.-381.-381
   9 [ -1.0854e+00 ] : Multipole/q22/380.-381.-381
  10 [ -2.5414e-01 ] : Multipole/d1/381.380.381
  11 [ -3.3333e+00 ] : Multipole/d3/381.380.381
  12 [ -3.4517e+00 ] : Multipole/q11/381.380.381
  13 [ -3.2822e+00 ] : Multipole/q22/381.380.381
  14 [  1.0352e+00 ] : Multipole/q31/381.380.381
  15 [  2.5330e+00 ] : Polarize/thole/380
  16 [  2.5827e-02 ] : UreyBradley/k/74.73.74
  17 [ -7.8533e-02 ] : GPol/glob
  18 [ -1.1090e-01 ] : GPol/oext
-----------------------------------------------------------------

############################################################################################
###[1;93m                   Isothermal Compressibility vs T (10^-6 bar^-1)                     [0m###
###[1;93m Temperature  Pressure  Reference  Calculated +- Stdev     Delta    Weight    Term    [0m###
############################################################################################
      249.15      1.0 atm    67.985       50.581 +- 2.681   -17.404   0.00000   0.00000 
      253.15      1.0 atm    63.996       49.935 +- 2.107   -14.061   0.02864   0.05662 
      257.15      1.0 atm    60.783       49.127 +- 1.693   -11.656   0.02864   0.03891 
      261.15      1.0 atm    58.116       47.999 +- 1.424   -10.117   0.02864   0.02931 
      265.15      1.0 atm    55.851       46.858 +- 1.219    -8.993   0.02864   0.02316 
      269.15      1.0 atm    53.893       45.933 +- 1.036    -7.960   0.02864   0.01815 
      273.15      1.0 atm    52.176       45.162 +- 0.882    -7.014   0.02864   0.01409 
      277.15      1.0 atm    50.653       44.408 +- 0.752    -6.245   0.02864   0.01117 
      281.15      1.0 atm    49.288       43.628 +- 0.632    -5.660   0.02864   0.00918 
      285.15      1.0 atm    48.056       42.863 +- 0.523    -5.193   0.02864   0.00772 
      289.15      1.0 atm    46.934       42.173 +- 0.436    -4.761   0.02864   0.00649 
      293.15      1.0 atm    45.892       41.603 +- 0.384    -4.289   0.02864   0.00527 
      298.15      1.0 atm    45.247       41.110 +- 0.355    -4.137   0.02864   0.00490 
      301.15      1.0 atm    44.943       40.946 +- 0.344    -3.997   0.02864   0.00458 
      305.15      1.0 atm    44.622       40.859 +- 0.335    -3.763   0.02864   0.00405 
      309.15      1.0 atm    44.390       40.866 +- 0.336    -3.524   0.02864   0.00356 
      313.15      1.0 atm    44.239       40.908 +- 0.348    -3.331   0.02864   0.00318 
      317.15      1.0 atm    44.162       40.964 +- 0.361    -3.198   0.02864   0.00293 
      321.15      1.0 atm    44.153       41.056 +- 0.369    -3.097   0.02864   0.00275 
      325.15      1.0 atm    44.209       41.220 +- 0.370    -2.989   0.02864   0.00256 
      329.15      1.0 atm    44.324       41.478 +- 0.366    -2.846   0.02864   0.00232 
      333.15      1.0 atm    44.496       41.823 +- 0.362    -2.673   0.02864   0.00205 
      337.15      1.0 atm    44.723       42.229 +- 0.361    -2.494   0.02864   0.00178 
      341.15      1.0 atm    45.003       42.669 +- 0.363    -2.334   0.02864   0.00156 
      345.15      1.0 atm    45.333       43.144 +- 0.367    -2.189   0.02864   0.00137 
      349.15      1.0 atm    45.714       43.673 +- 0.372    -2.041   0.02864   0.00119 
      353.15      1.0 atm    46.143       44.273 +- 0.379    -1.870   0.02864   0.00100 
      357.15      1.0 atm    46.621       44.942 +- 0.391    -1.679   0.02864   0.00081 
      361.15      1.0 atm    47.148       45.656 +- 0.412    -1.492   0.02864   0.00064 
      365.15      1.0 atm    47.722       46.376 +- 0.447    -1.346   0.02864   0.00052 
      369.15      1.0 atm    48.346       47.065 +- 0.497    -1.281   0.02864   0.00047 
      373.15      1.0 atm    49.019       47.726 +- 0.558    -1.293   0.02864   0.00048 
      298.15     20.0 bar    45.026       40.950 +- 0.353    -4.076   0.02864   0.00476 
      298.15     50.0 bar    44.682       40.699 +- 0.351    -3.983   0.02864   0.00454 
      298.15    100.0 bar    44.119       40.286 +- 0.347    -3.833   0.02864   0.00421 
      298.15    250.0 bar    42.503       39.052 +- 0.338    -3.451   0.01145   0.00136 
      298.15    500.0 bar    40.019       36.947 +- 0.332    -3.072   0.00573   0.00054 
      298.15    750.0 bar    37.768       34.923 +- 0.347    -2.845   0.00381   0.00031 
      298.15   1000.0 bar    35.723       33.222 +- 0.372    -2.501   0.00286   0.00018 
      298.15   2000.0 bar    29.215       27.643 +- 0.528    -1.572   0.00143   0.00004 
      298.15   4000.0 bar    21.371       20.621 +- 0.482    -0.750   0.00072   0.00000 
      298.15   8000.0 bar    14.050       13.284 +- 0.330    -0.766   0.00034   0.00000 
--------------------------------------------------------------------------------------------

###############################################################
###[92m Compressibility objective function:  0.279, Derivative: [0m###
###############################################################
   0 [ -3.0152e-02 ] : Bond/k/73.74
   1 [  1.0156e+00 ] : Bond/length/73.74
   2 [ -1.3511e-01 ] : Angle/angle1/74.73.74
   3 [ -2.1499e-01 ] : Angle/k/74.73.74
   4 [ -6.4537e-01 ] : Vdw/epsilon/73
   5 [ -2.0593e+00 ] : Vdw/sigma/73
   6 [ -4.4207e+00 ] : Multipole/c0/380.-381.-381
   7 [  7.5569e-01 ] : Multipole/d3/380.-381.-381
   8 [  3.3212e-01 ] : Multipole/q11/380.-381.-381
   9 [  4.0913e-01 ] : Multipole/q22/380.-381.-381
  10 [  5.1402e-01 ] : Multipole/d1/381.380.381
  11 [ -1.3397e+00 ] : Multipole/d3/381.380.381
  12 [ -3.7518e-01 ] : Multipole/q11/381.380.381
  13 [ -5.7109e-01 ] : Multipole/q22/381.380.381
  14 [  4.7913e-01 ] : Multipole/q31/381.380.381
  15 [  1.7867e+00 ] : Polarize/thole/380
  16 [ -4.1330e-02 ] : UreyBradley/k/74.73.74
  17 [ -3.4962e-02 ] : GPol/glob
  18 [ -8.4548e-03 ] : GPol/oext
---------------------------------------------------------------

############################################################################################
###[1;93m                    Isobaric Heat Capacity vs T (cal mol^-1 K^-1)                     [0m###
###[1;93m Temperature  Pressure  Reference  Calculated +- Stdev     Delta    Weight    Term    [0m###
############################################################################################
      249.15      1.0 atm    19.177       21.990 +- 1.339     2.813   0.00000   0.00000 
      253.15      1.0 atm    18.777       21.111 +- 1.003     2.334   0.02864   0.03901 
      257.15      1.0 atm    18.532       20.483 +- 0.739     1.951   0.02864   0.02726 
      261.15      1.0 atm    18.380       19.959 +- 0.563     1.579   0.02864   0.01784 
      265.15      1.0 atm    18.280       19.576 +- 0.464     1.296   0.02864   0.01202 
      269.15      1.0 atm    18.210       19.248 +- 0.408     1.038   0.02864   0.00771 
      273.15      1.0 atm    18.157       18.933 +- 0.369     0.776   0.02864   0.00432 
      277.15      1.0 atm    18.115       18.705 +- 0.337     0.590   0.02864   0.00249 
      281.15      1.0 atm    18.080       18.556 +- 0.302     0.476   0.02864   0.00162 
      285.15      1.0 atm    18.052       18.434 +- 0.261     0.382   0.02864   0.00104 
      289.15      1.0 atm    18.030       18.330 +- 0.222     0.300   0.02864   0.00065 
      293.15      1.0 atm    18.015       18.223 +- 0.198     0.208   0.02864   0.00031 
      298.15      1.0 atm    18.002       18.014 +- 0.187     0.012   0.02864   0.00000 
      301.15      1.0 atm    17.998       17.858 +- 0.184    -0.140   0.02864   0.00014 
      305.15      1.0 atm    17.995       17.676 +- 0.182    -0.319   0.02864   0.00073 
      309.15      1.0 atm    17.995       17.579 +- 0.185    -0.416   0.02864   0.00124 
      313.15      1.0 atm    17.996       17.551 +- 0.192    -0.445   0.02864   0.00142 
      317.15      1.0 atm    17.999       17.524 +- 0.200    -0.475   0.02864   0.00162 
      321.15      1.0 atm    18.002       17.466 +- 0.203    -0.536   0.02864   0.00205 
      325.15      1.0 atm    18.006       17.406 +- 0.202    -0.600   0.02864   0.00257 
      329.15      1.0 atm    18.011       17.368 +- 0.198    -0.643   0.02864   0.00296 
      333.15      1.0 atm    18.018       17.319 +- 0.193    -0.699   0.02864   0.00350 
      337.15      1.0 atm    18.026       17.223 +- 0.189    -0.803   0.02864   0.00462 
      341.15      1.0 atm    18.035       17.109 +- 0.186    -0.926   0.02864   0.00614 
      345.15      1.0 atm    18.046       17.047 +- 0.184    -0.999   0.02864   0.00714 
      349.15      1.0 atm    18.058       17.072 +- 0.183    -0.986   0.02864   0.00695 
      353.15      1.0 atm    18.071       17.146 +- 0.185    -0.925   0.02864   0.00613 
      357.15      1.0 atm    18.086       17.201 +- 0.190    -0.885   0.02864   0.00560 
      361.15      1.0 atm    18.101       17.206 +- 0.200    -0.895   0.02864   0.00573 
      365.15      1.0 atm    18.117       17.174 +- 0.217    -0.943   0.02864   0.00637 
      369.15      1.0 atm    18.134       17.128 +- 0.240    -1.006   0.02864   0.00724 
      373.15      1.0 atm    18.151       17.070 +- 0.267    -1.081   0.02864   0.00836 
      298.15     20.0 bar    17.980       17.993 +- 0.187     0.013   0.02864   0.00000 
      298.15     50.0 bar    17.944       17.960 +- 0.186     0.016   0.02864   0.00000 
      298.15    100.0 bar    17.885       17.907 +- 0.185     0.022   0.02864   0.00000 
      298.15    250.0 bar    17.720       17.763 +- 0.185     0.043   0.01145   0.00001 
      298.15    500.0 bar    17.483       17.542 +- 0.194     0.059   0.00573   0.00000 
      298.15    750.0 bar    17.286       17.327 +- 0.212     0.041   0.00381   0.00000 
      298.15   1000.0 bar    17.123       17.110 +- 0.235    -0.013   0.00286   0.00000 
      298.15   2000.0 bar    16.703       16.336 +- 0.430    -0.367   0.00143   0.00005 
      298.15   4000.0 bar    16.375       15.679 +- 0.511    -0.696   0.00072   0.00009 
      298.15   8000.0 bar    16.195       15.802 +- 0.665    -0.393   0.00034   0.00001 
--------------------------------------------------------------------------------------------

#############################################################
###[92m Heat Capacity objective function:  0.195, Derivative: [0m###
#############################################################
   0 [ -1.9633e-02 ] : Bond/k/73.74
   1 [  1.6589e+00 ] : Bond/length/73.74
   2 [ -1.3041e-01 ] : Angle/angle1/74.73.74
   3 [ -1.9959e-02 ] : Angle/k/74.73.74
   4 [ -1.5127e+00 ] : Vdw/epsilon/73
   5 [ -2.4807e+00 ] : Vdw/sigma/73
   6 [ -8.6224e+00 ] : Multipole/c0/380.-381.-381
   7 [  8.7697e-01 ] : Multipole/d3/380.-381.-381
   8 [  2.1668e-01 ] : Multipole/q11/380.-381.-381
   9 [ -8.3179e-01 ] : Multipole/q22/380.-381.-381
  10 [  3.0816e-01 ] : Multipole/d1/381.380.381
  11 [ -3.6187e+00 ] : Multipole/d3/381.380.381
  12 [ -3.0330e+00 ] : Multipole/q11/381.380.381
  13 [ -2.9164e+00 ] : Multipole/q22/381.380.381
  14 [  1.0100e+00 ] : Multipole/q31/381.380.381
  15 [  2.4186e+00 ] : Polarize/thole/380
  16 [  8.5231e-03 ] : UreyBradley/k/74.73.74
  17 [ -3.6753e-02 ] : GPol/glob
  18 [ -9.5775e-02 ] : GPol/oext
-------------------------------------------------------------

############################################################################################
###[1;93m                               Dielectric Constant vs T                               [0m###
###[1;93m Temperature  Pressure  Reference  Calculated +- Stdev     Delta    Weight    Term    [0m###
############################################################################################
      249.15      1.0 atm    98.650       95.672 +- 6.812    -2.978   0.00000   0.00000 
      253.15      1.0 atm    96.580       97.206 +- 5.993     0.626   0.02864   0.00011 
      257.15      1.0 atm    94.683       97.390 +- 5.185     2.707   0.02864   0.00210 
      261.15      1.0 atm    92.898       96.640 +- 4.369     3.742   0.02864   0.00401 
      265.15      1.0 atm    91.186       95.371 +- 3.668     4.185   0.02864   0.00502 
      269.15      1.0 atm    89.525       93.841 +- 3.163     4.316   0.02864   0.00533 
      273.15      1.0 atm    87.903       92.185 +- 2.812     4.282   0.02864   0.00525 
      277.15      1.0 atm    86.311       90.456 +- 2.513     4.145   0.02864   0.00492 
      281.15      1.0 atm    84.749       88.636 +- 2.183     3.887   0.02864   0.00433 
      285.15      1.0 atm    83.213       86.685 +- 1.818     3.472   0.02864   0.00345 
      289.15      1.0 atm    81.705       84.652 +- 1.493     2.947   0.02864   0.00249 
      293.15      1.0 atm    80.223       82.725 +- 1.286     2.502   0.02864   0.00179 
      298.15      1.0 atm    78.409       80.721 +- 1.173     2.312   0.02864   0.00153 
      301.15      1.0 atm    77.339       79.723 +- 1.138     2.384   0.02864   0.00163 
      305.15      1.0 atm    75.935       78.502 +- 1.104     2.567   0.02864   0.00189 
      309.15      1.0 atm    74.556       77.287 +- 1.085     2.731   0.02864   0.00214 
      313.15      1.0 atm    73.200       76.043 +- 1.082     2.843   0.02864   0.00231 
      317.15      1.0 atm    71.869       74.813 +- 1.076     2.944   0.02864   0.00248 
      321.15      1.0 atm    70.560       73.659 +- 1.055     3.099   0.02864   0.00275 
      325.15      1.0 atm    69.275       72.590 +- 1.023     3.315   0.02864   0.00315 
      329.15      1.0 atm    68.012       71.534 +- 0.984     3.522   0.02864   0.00355 
      333.15      1.0 atm    66.772       70.393 +- 0.941     3.621   0.02864   0.00376 
      337.15      1.0 atm    65.555       69.114 +- 0.892     3.559   0.02864   0.00363 
      341.15      1.0 atm    64.359       67.726 +- 0.839     3.367   0.02864   0.00325 
      345.15      1.0 atm    63.184       66.321 +- 0.787     3.137   0.02864   0.00282 
      349.15      1.0 atm    62.030       64.991 +- 0.744     2.961   0.02864   0.00251 
      353.15      1.0 atm    60.897       63.785 +- 0.715     2.888   0.02864   0.00239 
      357.15      1.0 atm    59.784       62.689 +- 0.704     2.905   0.02864   0.00242 
      361.15      1.0 atm    58.691       61.656 +- 0.714     2.965   0.02864   0.00252 
      365.15      1.0 atm    57.617       60.641 +- 0.752     3.024   0.02864   0.00262 
      369.15      1.0 atm    56.561       59.616 +- 0.816     3.055   0.02864   0.00267 
      373.15      1.0 atm    55.522       58.577 +- 0.901     3.055   0.02864   0.00267 
      298.15     20.0 bar    78.479       80.795 +- 1.172     2.316   0.02864   0.00154 
      298.15     50.0 bar    78.591       80.914 +- 1.170     2.323   0.02864   0.00154 
      298.15    100.0 bar    78.776       81.112 +- 1.169     2.336   0.02864   0.00156 
      298.15    250.0 bar    79.323       81.710 +- 1.179     2.387   0.01145   0.00065 
      298.15    500.0 bar    80.209       82.681 +- 1.264     2.472   0.00573   0.00035 
      298.15    750.0 bar    81.067       83.563 +- 1.432     2.496   0.00381   0.00024 
      298.15   1000.0 bar    81.900       84.355 +- 1.662     2.455   0.00286   0.00017 
      298.15   2000.0 bar    85.015       86.801 +- 3.594     1.786   0.00143   0.00005 
      298.15   4000.0 bar    90.545       90.943 +- 3.939     0.398   0.00072   0.00000 
      298.15   8000.0 bar   100.184      101.786 +- 5.492     1.602   0.00034   0.00001 
--------------------------------------------------------------------------------------------

###################################################################
###[92m Dielectric Constant objective function:  0.098, Derivative: [0m###
###################################################################
   0 [ -1.4073e-03 ] : Bond/k/73.74
   1 [  5.5800e-01 ] : Bond/length/73.74
   2 [ -1.5184e+00 ] : Angle/angle1/74.73.74
   3 [ -8.3736e-01 ] : Angle/k/74.73.74
   4 [ -3.9657e-01 ] : Vdw/epsilon/73
   5 [ -2.0209e+00 ] : Vdw/sigma/73
   6 [ -1.1596e+01 ] : Multipole/c0/380.-381.-381
   7 [  2.6426e+00 ] : Multipole/d3/380.-381.-381
   8 [ -3.2766e-01 ] : Multipole/q11/380.-381.-381
   9 [  5.9271e-01 ] : Multipole/q22/380.-381.-381
  10 [  5.7624e+00 ] : Multipole/d1/381.380.381
  11 [ -2.5572e+00 ] : Multipole/d3/381.380.381
  12 [ -4.9287e-02 ] : Multipole/q11/381.380.381
  13 [  2.9122e-01 ] : Multipole/q22/381.380.381
  14 [ -3.5892e+00 ] : Multipole/q31/381.380.381
  15 [  2.2801e+00 ] : Polarize/thole/380
  16 [ -1.0081e-02 ] : UreyBradley/k/74.73.74
  17 [  1.5744e-01 ] : GPol/glob
  18 [  8.8873e-02 ] : GPol/oext
-------------------------------------------------------------------
