#==========================================================================================#
#| [1;94m                              Liquid Density (kg m^-3)                                [0m |#
#| [1;94m Temperature  Pressure  Reference  Calculated +- Stdev     Delta    Weight    Term    [0m |#
#==========================================================================================#
      249.15      1.0 atm   990.497      991.716 +- 0.162     1.219   0.08929   0.13277 
      253.15      1.0 atm   993.547      993.676 +- 0.125     0.129   0.08929   0.00149 
      257.15      1.0 atm   995.816      995.217 +- 0.099    -0.599   0.08929   0.03204 
      261.15      1.0 atm   997.476      996.425 +- 0.083    -1.051   0.08929   0.09866 
      265.15      1.0 atm   998.647      997.348 +- 0.074    -1.299   0.08929   0.15068 
      269.15      1.0 atm   999.414      997.999 +- 0.068    -1.415   0.08929   0.17888 
      273.15      1.0 atm   999.840      998.393 +- 0.063    -1.447   0.08929   0.18683 
      277.15      1.0 atm   999.972      998.547 +- 0.059    -1.425   0.00893   0.01813 
      281.15      1.0 atm   999.848      998.449 +- 0.055    -1.399   0.00893   0.01747 
      285.15      1.0 atm   999.497      998.110 +- 0.052    -1.387   0.00893   0.01717 
      289.15      1.0 atm   998.943      997.571 +- 0.049    -1.372   0.00893   0.01680 
      293.15      1.0 atm   998.204      996.869 +- 0.046    -1.335   0.00893   0.01591 
      298.15      1.0 atm   997.045      995.779 +- 0.045    -1.266   0.00893   0.01430 
      301.15      1.0 atm   996.234      995.005 +- 0.044    -1.229   0.00893   0.01349 
      305.15      1.0 atm   995.026      993.823 +- 0.044    -1.203   0.00893   0.01293 
      309.15      1.0 atm   993.684      992.483 +- 0.043    -1.201   0.00893   0.01289 
      313.15      1.0 atm   992.216      991.018 +- 0.043    -1.198   0.00893   0.01281 
      317.15      1.0 atm   990.628      989.455 +- 0.043    -1.173   0.00893   0.01229 
      321.15      1.0 atm   988.927      987.795 +- 0.043    -1.132   0.00893   0.01144 
      325.15      1.0 atm   987.119      986.024 +- 0.043    -1.095   0.00893   0.01071 
      329.15      1.0 atm   985.208      984.126 +- 0.043    -1.082   0.00893   0.01046 
      333.15      1.0 atm   983.199      982.098 +- 0.042    -1.101   0.00893   0.01083 
      337.15      1.0 atm   981.095      979.954 +- 0.041    -1.141   0.00893   0.01163 
      341.15      1.0 atm   978.900      977.720 +- 0.040    -1.180   0.00893   0.01243 
      345.15      1.0 atm   976.617      975.419 +- 0.040    -1.198   0.00893   0.01282 
      349.15      1.0 atm   974.249      973.055 +- 0.040    -1.194   0.00893   0.01273 
      353.15      1.0 atm   971.798      970.616 +- 0.040    -1.182   0.00893   0.01247 
      357.15      1.0 atm   969.266      968.088 +- 0.041    -1.178   0.00893   0.01238 
      361.15      1.0 atm   966.655      965.467 +- 0.043    -1.188   0.00893   0.01260 
      365.15      1.0 atm   963.966      962.754 +- 0.048    -1.212   0.00893   0.01312 
      369.15      1.0 atm   961.202      959.955 +- 0.054    -1.247   0.00893   0.01388 
      373.15      1.0 atm   958.364      957.086 +- 0.062    -1.278   0.00893   0.01458 
      380.00      1.3 atm   953.327      952.086 +- 0.129    -1.241   0.00893   0.01375 
      390.00      1.8 atm   945.624      944.467 +- 0.120    -1.157   0.00893   0.01196 
      400.00      2.4 atm   937.486      936.121 +- 0.138    -1.365   0.00893   0.01663 
      410.00      3.3 atm   928.921      927.491 +- 0.139    -1.430   0.00893   0.01826 
      420.00      4.3 atm   919.929      918.860 +- 0.145    -1.069   0.00893   0.01019 
      430.00      5.6 atm   910.507      909.570 +- 0.147    -0.937   0.00893   0.00783 
      440.00      7.2 atm   900.649      899.419 +- 0.174    -1.230   0.00893   0.01352 
      450.00      9.2 atm   890.341      889.749 +- 0.161    -0.592   0.00893   0.00313 
      298.15   1000.0 bar  1037.872     1037.070 +- 0.060    -0.802   0.00893   0.00574 
      298.15   2000.0 bar  1071.908     1071.967 +- 0.069     0.059   0.00893   0.00003 
      298.15   3000.0 bar  1101.035     1101.982 +- 0.060     0.947   0.00893   0.00801 
      298.15   4000.0 bar  1126.580     1128.272 +- 0.053     1.692   0.00893   0.02558 
      298.15   5000.0 bar  1149.422     1151.716 +- 0.048     2.294   0.00893   0.04700 
      298.15   6000.0 bar  1170.147     1172.733 +- 0.044     2.586   0.00893   0.05972 
      298.15   7000.0 bar  1189.159     1191.973 +- 0.041     2.814   0.00893   0.07070 
      298.15   8000.0 bar  1206.748     1209.584 +- 0.041     2.836   0.00893   0.07182 
      298.15   9000.0 bar  1223.131     1225.958 +- 0.051     2.827   0.00893   0.07134 
--------------------------------------------------------------------------------------------
#========================================================#
#| [92m  Density objective function:  1.573, Derivative:   [0m |#
#========================================================#
   0 [  6.9135e+00 ] : VirtualSite/weight1/HOH-3
   1 [ -1.4942e+00 ] : Atom/epsilon/tip4p-O
   2 [  1.4392e+03 ] : Atom/sigma/tip4p-O
   3 [ -1.1705e+02 ] : Atom/charge/tip4p-H
----------------------------------------------------------
#==========================================================================================#
#| [1;94m                     Liquid Enthalpy of Vaporization (kJ mol^-1)                      [0m |#
#| [1;94m Temperature  Pressure  Reference  Calculated +- Stdev     Delta    Weight    Term    [0m |#
#==========================================================================================#
      249.15      1.0 atm    46.103       47.674 +- 0.087     1.571   0.02500   0.00247 
      253.15      1.0 atm    45.919       47.449 +- 0.076     1.530   0.02500   0.00234 
      257.15      1.0 atm    45.740       47.232 +- 0.069     1.492   0.02500   0.00223 
      261.15      1.0 atm    45.565       47.023 +- 0.065     1.458   0.02500   0.00213 
      265.15      1.0 atm    45.393       46.818 +- 0.062     1.425   0.02500   0.00203 
      269.15      1.0 atm    45.223       46.615 +- 0.062     1.392   0.02500   0.00194 
      273.15      1.0 atm    45.053       46.418 +- 0.065     1.365   0.02500   0.00186 
      277.15      1.0 atm    44.884       46.219 +- 0.068     1.335   0.02500   0.00178 
      281.15      1.0 atm    44.714       46.020 +- 0.070     1.306   0.02500   0.00171 
      285.15      1.0 atm    44.544       45.824 +- 0.069     1.280   0.02500   0.00164 
      289.15      1.0 atm    44.374       45.632 +- 0.067     1.258   0.02500   0.00158 
      293.15      1.0 atm    44.203       45.443 +- 0.065     1.240   0.02500   0.00154 
      298.15      1.0 atm    43.989       45.210 +- 0.064     1.221   0.02500   0.00149 
      301.15      1.0 atm    43.861       45.069 +- 0.064     1.208   0.02500   0.00146 
      305.15      1.0 atm    43.689       44.880 +- 0.065     1.191   0.02500   0.00142 
      309.15      1.0 atm    43.517       44.693 +- 0.069     1.176   0.02500   0.00138 
      313.15      1.0 atm    43.345       44.508 +- 0.073     1.163   0.02500   0.00135 
      317.15      1.0 atm    43.172       44.324 +- 0.075     1.152   0.02500   0.00133 
      321.15      1.0 atm    42.999       44.141 +- 0.075     1.142   0.02500   0.00130 
      325.15      1.0 atm    42.826       43.958 +- 0.075     1.132   0.02500   0.00128 
      329.15      1.0 atm    42.652       43.774 +- 0.074     1.122   0.02500   0.00126 
      333.15      1.0 atm    42.476       43.588 +- 0.074     1.112   0.02500   0.00124 
      337.15      1.0 atm    42.300       43.403 +- 0.074     1.103   0.02500   0.00122 
      341.15      1.0 atm    42.123       43.217 +- 0.074     1.094   0.02500   0.00120 
      345.15      1.0 atm    41.943       43.031 +- 0.076     1.088   0.02500   0.00118 
      349.15      1.0 atm    41.762       42.847 +- 0.078     1.085   0.02500   0.00118 
      353.15      1.0 atm    41.580       42.663 +- 0.079     1.083   0.02500   0.00117 
      357.15      1.0 atm    41.396       42.479 +- 0.081     1.083   0.02500   0.00117 
      361.15      1.0 atm    41.210       42.292 +- 0.084     1.082   0.02500   0.00117 
      365.15      1.0 atm    41.024       42.103 +- 0.091     1.079   0.02500   0.00116 
      369.15      1.0 atm    40.837       41.913 +- 0.103     1.076   0.02500   0.00116 
      373.15      1.0 atm    40.652       41.723 +- 0.118     1.071   0.02500   0.00115 
      380.00      1.3 atm    40.322       41.393 +- 0.199     1.071   0.02500   0.00115 
      390.00      1.8 atm    39.830       40.900 +- 0.263     1.070   0.02500   0.00114 
      400.00      2.4 atm    39.323       40.402 +- 0.227     1.079   0.02500   0.00116 
      410.00      3.3 atm    38.798       39.890 +- 0.250     1.092   0.02500   0.00119 
      420.00      4.3 atm    38.254       39.359 +- 0.273     1.105   0.02500   0.00122 
      430.00      5.6 atm    37.688       38.810 +- 0.286     1.122   0.02500   0.00126 
      440.00      7.2 atm    37.099       38.215 +- 0.321     1.116   0.02500   0.00125 
      450.00      9.2 atm    36.483       37.639 +- 0.343     1.156   0.02500   0.00134 
      298.15   1000.0 bar    43.989        0.000 +- 0.000   -43.989   0.00000   0.00000 
      298.15   2000.0 bar    43.989        0.000 +- 0.000   -43.989   0.00000   0.00000 
      298.15   3000.0 bar    43.989        0.000 +- 0.000   -43.989   0.00000   0.00000 
      298.15   4000.0 bar    43.989        0.000 +- 0.000   -43.989   0.00000   0.00000 
      298.15   5000.0 bar    43.989        0.000 +- 0.000   -43.989   0.00000   0.00000 
      298.15   6000.0 bar    43.989        0.000 +- 0.000   -43.989   0.00000   0.00000 
      298.15   7000.0 bar    43.989        0.000 +- 0.000   -43.989   0.00000   0.00000 
      298.15   8000.0 bar    43.989        0.000 +- 0.000   -43.989   0.00000   0.00000 
      298.15   9000.0 bar    43.989        0.000 +- 0.000   -43.989   0.00000   0.00000 
--------------------------------------------------------------------------------------------
#========================================================#
#| [92m   H_vap objective function:  0.058, Derivative:    [0m |#
#========================================================#
   0 [  8.0876e-01 ] : VirtualSite/weight1/HOH-3
   1 [ -2.6271e-01 ] : Atom/epsilon/tip4p-O
   2 [ -9.8233e+00 ] : Atom/sigma/tip4p-O
   3 [  2.0402e+00 ] : Atom/charge/tip4p-H
----------------------------------------------------------
#==========================================================================================#
#| [1;94m                  Liquid Thermal Expansion Coefficient (10^-4 K^-1)                   [0m |#
#| [1;94m Temperature  Pressure  Reference  Calculated +- Stdev     Delta    Weight    Term    [0m |#
#==========================================================================================#
      249.15      1.0 atm    -8.877       -5.572 +- 0.341     3.305   0.08929   3.90010 
      253.15      1.0 atm    -6.606       -4.365 +- 0.260     2.241   0.08929   1.79312 
      257.15      1.0 atm    -4.874       -3.427 +- 0.200     1.447   0.08929   0.74765 
      261.15      1.0 atm    -3.506       -2.663 +- 0.162     0.843   0.08929   0.25387 
      265.15      1.0 atm    -2.395       -1.969 +- 0.139     0.426   0.08929   0.06487 
      269.15      1.0 atm    -1.469       -1.297 +- 0.125     0.172   0.08929   0.01055 
      273.15      1.0 atm    -0.680       -0.686 +- 0.114    -0.006   0.08929   0.00001 
      277.15      1.0 atm     0.003       -0.072 +- 0.105    -0.075   0.00893   0.00020 
      281.15      1.0 atm     0.604        0.562 +- 0.096    -0.042   0.00893   0.00006 
      285.15      1.0 atm     1.141        1.121 +- 0.089    -0.020   0.00893   0.00001 
      289.15      1.0 atm     1.626        1.570 +- 0.082    -0.056   0.00893   0.00011 
      293.15      1.0 atm     2.068        1.955 +- 0.077    -0.113   0.00893   0.00046 
      298.15      1.0 atm     2.572        2.442 +- 0.073    -0.130   0.00893   0.00061 
      301.15      1.0 atm     2.853        2.764 +- 0.072    -0.089   0.00893   0.00028 
      305.15      1.0 atm     3.206        3.194 +- 0.070    -0.012   0.00893   0.00001 
      309.15      1.0 atm     3.539        3.556 +- 0.068     0.017   0.00893   0.00001 
      313.15      1.0 atm     3.853        3.834 +- 0.067    -0.019   0.00893   0.00001 
      317.15      1.0 atm     4.152        4.077 +- 0.067    -0.075   0.00893   0.00020 
      321.15      1.0 atm     4.438        4.344 +- 0.066    -0.094   0.00893   0.00031 
      325.15      1.0 atm     4.712        4.659 +- 0.066    -0.053   0.00893   0.00010 
      329.15      1.0 atm     4.975        5.003 +- 0.065     0.028   0.00893   0.00003 
      333.15      1.0 atm     5.231        5.334 +- 0.064     0.103   0.00893   0.00038 
      337.15      1.0 atm     5.478        5.611 +- 0.062     0.133   0.00893   0.00063 
      341.15      1.0 atm     5.719        5.820 +- 0.061     0.101   0.00893   0.00036 
      345.15      1.0 atm     5.954        5.992 +- 0.060     0.038   0.00893   0.00005 
      349.15      1.0 atm     6.185        6.180 +- 0.060    -0.005   0.00893   0.00000 
      353.15      1.0 atm     6.411        6.410 +- 0.060    -0.001   0.00893   0.00000 
      357.15      1.0 atm     6.633        6.668 +- 0.061     0.035   0.00893   0.00004 
      361.15      1.0 atm     6.853        6.930 +- 0.064     0.077   0.00893   0.00021 
      365.15      1.0 atm     7.071        7.183 +- 0.069     0.112   0.00893   0.00045 
      369.15      1.0 atm     7.287        7.412 +- 0.077     0.125   0.00893   0.00055 
      373.15      1.0 atm     7.501        7.588 +- 0.086     0.087   0.00893   0.00027 
      380.00      1.3 atm     7.876        8.074 +- 0.185     0.198   0.00893   0.00140 
      390.00      1.8 atm     8.410        8.537 +- 0.186     0.127   0.00893   0.00058 
      400.00      2.4 atm     8.951        8.982 +- 0.187     0.031   0.00893   0.00003 
      410.00      3.3 atm     9.505        9.586 +- 0.192     0.081   0.00893   0.00023 
      420.00      4.3 atm    10.078       10.135 +- 0.189     0.057   0.00893   0.00011 
      430.00      5.6 atm    10.679       10.741 +- 0.202     0.062   0.00893   0.00014 
      440.00      7.2 atm    11.314       11.390 +- 0.216     0.076   0.00893   0.00021 
      450.00      9.2 atm    11.992       11.617 +- 0.212    -0.375   0.00893   0.00503 
      298.15   1000.0 bar     3.502        3.096 +- 0.094    -0.406   0.00893   0.00589 
      298.15   2000.0 bar     4.044        3.418 +- 0.103    -0.626   0.00893   0.01398 
      298.15   3000.0 bar     4.305        3.839 +- 0.092    -0.466   0.00893   0.00774 
      298.15   4000.0 bar     4.407        4.046 +- 0.085    -0.361   0.00893   0.00465 
      298.15   5000.0 bar     4.425        4.036 +- 0.078    -0.389   0.00893   0.00539 
      298.15   6000.0 bar     4.400        4.043 +- 0.069    -0.357   0.00893   0.00454 
      298.15   7000.0 bar     4.355        4.091 +- 0.063    -0.264   0.00893   0.00249 
      298.15   8000.0 bar     4.300        4.062 +- 0.063    -0.238   0.00893   0.00203 
      298.15   9000.0 bar     4.241        4.179 +- 0.077    -0.062   0.00893   0.00014 
--------------------------------------------------------------------------------------------
#===============================================================#
#| [92m Thermal Expansion objective function:  6.830, Derivative: [0m |#
#===============================================================#
   0 [  1.5685e+02 ] : VirtualSite/weight1/HOH-3
   1 [  2.4804e+01 ] : Atom/epsilon/tip4p-O
   2 [  1.0620e+03 ] : Atom/sigma/tip4p-O
   3 [ -1.3984e+02 ] : Atom/charge/tip4p-H
-----------------------------------------------------------------
#==========================================================================================#
#| [1;94m                  Liquid Isothermal Compressibility (10^-6 bar^-1)                    [0m |#
#| [1;94m Temperature  Pressure  Reference  Calculated +- Stdev     Delta    Weight    Term    [0m |#
#==========================================================================================#
      249.15      1.0 atm    67.985       53.403 +- 0.729   -14.582   0.02041   0.17359 
      253.15      1.0 atm    63.996       51.940 +- 0.556   -12.056   0.02041   0.11865 
      257.15      1.0 atm    60.783       50.701 +- 0.429   -10.082   0.02041   0.08297 
      261.15      1.0 atm    58.116       49.737 +- 0.354    -8.379   0.02041   0.05731 
      265.15      1.0 atm    55.851       48.978 +- 0.310    -6.873   0.02041   0.03857 
      269.15      1.0 atm    53.893       48.325 +- 0.280    -5.568   0.02041   0.02531 
      273.15      1.0 atm    52.176       47.713 +- 0.257    -4.463   0.02041   0.01626 
      277.15      1.0 atm    50.653       47.120 +- 0.237    -3.533   0.02041   0.01019 
      281.15      1.0 atm    49.288       46.574 +- 0.219    -2.714   0.02041   0.00601 
      285.15      1.0 atm    48.056       46.114 +- 0.203    -1.942   0.02041   0.00308 
      289.15      1.0 atm    46.934       45.737 +- 0.189    -1.197   0.02041   0.00117 
      293.15      1.0 atm    45.892       45.429 +- 0.178    -0.463   0.02041   0.00017 
      298.15      1.0 atm    45.247       45.191 +- 0.171    -0.056   0.02041   0.00000 
      301.15      1.0 atm    44.943       45.160 +- 0.169     0.217   0.02041   0.00004 
      305.15      1.0 atm    44.622       45.217 +- 0.167     0.595   0.02041   0.00029 
      309.15      1.0 atm    44.390       45.289 +- 0.164     0.899   0.02041   0.00066 
      313.15      1.0 atm    44.239       45.308 +- 0.162     1.069   0.02041   0.00093 
      317.15      1.0 atm    44.162       45.319 +- 0.160     1.157   0.02041   0.00109 
      321.15      1.0 atm    44.153       45.415 +- 0.160     1.262   0.02041   0.00130 
      325.15      1.0 atm    44.209       45.627 +- 0.161     1.418   0.02041   0.00164 
      329.15      1.0 atm    44.324       45.923 +- 0.160     1.599   0.02041   0.00209 
      333.15      1.0 atm    44.496       46.270 +- 0.157     1.774   0.02041   0.00257 
      337.15      1.0 atm    44.723       46.659 +- 0.154     1.936   0.02041   0.00306 
      341.15      1.0 atm    45.003       47.086 +- 0.152     2.083   0.02041   0.00354 
      345.15      1.0 atm    45.333       47.548 +- 0.152     2.215   0.02041   0.00400 
      349.15      1.0 atm    45.714       48.045 +- 0.153     2.331   0.02041   0.00443 
      353.15      1.0 atm    46.143       48.579 +- 0.154     2.436   0.02041   0.00484 
      357.15      1.0 atm    46.621       49.166 +- 0.158     2.545   0.02041   0.00529 
      361.15      1.0 atm    47.148       49.839 +- 0.167     2.691   0.02041   0.00591 
      365.15      1.0 atm    47.722       50.612 +- 0.185     2.890   0.02041   0.00682 
      369.15      1.0 atm    48.346       51.441 +- 0.209     3.095   0.02041   0.00782 
      373.15      1.0 atm    49.019       52.234 +- 0.240     3.215   0.02041   0.00844 
      380.00      1.3 atm    50.205       53.921 +- 0.521     3.716   0.02041   0.01127 
      390.00      1.8 atm    52.326       55.303 +- 0.495     2.977   0.02041   0.00723 
      400.00      2.4 atm    54.786       58.450 +- 0.572     3.664   0.02041   0.01096 
      410.00      3.3 atm    57.641       60.764 +- 0.619     3.123   0.02041   0.00796 
      420.00      4.3 atm    60.905       64.424 +- 0.626     3.519   0.02041   0.01011 
      430.00      5.6 atm    64.630       68.902 +- 0.650     4.272   0.02041   0.01490 
      440.00      7.2 atm    68.948       72.898 +- 0.777     3.950   0.02041   0.01274 
      450.00      9.2 atm    73.844       76.792 +- 0.801     2.948   0.02041   0.00709 
      298.15   1000.0 bar    35.723       36.647 +- 0.196     0.924   0.02041   0.00070 
      298.15   2000.0 bar    29.215       29.929 +- 0.196     0.714   0.02041   0.00042 
      298.15   3000.0 bar    24.666       25.484 +- 0.149     0.818   0.02041   0.00055 
      298.15   4000.0 bar    21.371       21.966 +- 0.119     0.595   0.02041   0.00029 
      298.15   5000.0 bar    18.888       19.234 +- 0.097     0.346   0.02041   0.00010 
      298.15   6000.0 bar    16.931       17.109 +- 0.082     0.178   0.02041   0.00003 
      298.15   7000.0 bar    15.355       15.451 +- 0.070     0.096   0.02041   0.00001 
      298.15   8000.0 bar    14.050       13.994 +- 0.064    -0.056   0.02041   0.00000 
      298.15   9000.0 bar    12.949       12.939 +- 0.076    -0.010   0.02041   0.00000 
--------------------------------------------------------------------------------------------
#=============================================================#
#| [92m Compressibility objective function:  0.682, Derivative: [0m |#
#=============================================================#
   0 [  1.2508e+01 ] : VirtualSite/weight1/HOH-3
   1 [  6.1225e+01 ] : Atom/epsilon/tip4p-O
   2 [ -1.2546e+01 ] : Atom/sigma/tip4p-O
   3 [ -8.2040e+00 ] : Atom/charge/tip4p-H
---------------------------------------------------------------
#==========================================================================================#
#| [1;94m                   Liquid Isobaric Heat Capacity (cal mol^-1 K^-1)                    [0m |#
#| [1;94m Temperature  Pressure  Reference  Calculated +- Stdev     Delta    Weight    Term    [0m |#
#==========================================================================================#
      249.15      1.0 atm    19.177       21.554 +- 0.278     2.377   0.02041   0.11531 
      253.15      1.0 atm    18.777       21.059 +- 0.213     2.282   0.02041   0.10624 
      257.15      1.0 atm    18.532       20.619 +- 0.166     2.087   0.02041   0.08888 
      261.15      1.0 atm    18.380       20.302 +- 0.138     1.922   0.02041   0.07537 
      265.15      1.0 atm    18.280       20.031 +- 0.125     1.751   0.02041   0.06260 
      269.15      1.0 atm    18.210       19.760 +- 0.116     1.550   0.02041   0.04900 
      273.15      1.0 atm    18.157       19.681 +- 0.108     1.524   0.02041   0.04738 
      277.15      1.0 atm    18.115       19.727 +- 0.100     1.612   0.02041   0.05300 
      281.15      1.0 atm    18.080       19.627 +- 0.095     1.547   0.02041   0.04885 
      285.15      1.0 atm    18.052       19.387 +- 0.090     1.335   0.02041   0.03638 
      289.15      1.0 atm    18.030       19.147 +- 0.086     1.117   0.02041   0.02548 
      293.15      1.0 atm    18.015       18.994 +- 0.081     0.979   0.02041   0.01957 
      298.15      1.0 atm    18.002       18.961 +- 0.077     0.959   0.02041   0.01878 
      301.15      1.0 atm    17.998       18.966 +- 0.076     0.968   0.02041   0.01912 
      305.15      1.0 atm    17.995       18.917 +- 0.075     0.922   0.02041   0.01733 
      309.15      1.0 atm    17.995       18.796 +- 0.074     0.801   0.02041   0.01308 
      313.15      1.0 atm    17.996       18.653 +- 0.074     0.657   0.02041   0.00882 
      317.15      1.0 atm    17.999       18.558 +- 0.073     0.559   0.02041   0.00637 
      321.15      1.0 atm    18.002       18.517 +- 0.072     0.515   0.02041   0.00541 
      325.15      1.0 atm    18.006       18.501 +- 0.071     0.495   0.02041   0.00501 
      329.15      1.0 atm    18.011       18.503 +- 0.070     0.492   0.02041   0.00494 
      333.15      1.0 atm    18.018       18.518 +- 0.068     0.500   0.02041   0.00510 
      337.15      1.0 atm    18.026       18.509 +- 0.067     0.483   0.02041   0.00476 
      341.15      1.0 atm    18.035       18.438 +- 0.067     0.403   0.02041   0.00331 
      345.15      1.0 atm    18.046       18.318 +- 0.066     0.272   0.02041   0.00150 
      349.15      1.0 atm    18.058       18.216 +- 0.067     0.158   0.02041   0.00051 
      353.15      1.0 atm    18.071       18.179 +- 0.067     0.108   0.02041   0.00024 
      357.15      1.0 atm    18.086       18.192 +- 0.068     0.106   0.02041   0.00023 
      361.15      1.0 atm    18.101       18.226 +- 0.071     0.125   0.02041   0.00032 
      365.15      1.0 atm    18.117       18.255 +- 0.077     0.138   0.02041   0.00039 
      369.15      1.0 atm    18.134       18.236 +- 0.085     0.102   0.02041   0.00021 
      373.15      1.0 atm    18.151       18.125 +- 0.097    -0.026   0.02041   0.00001 
      380.00      1.3 atm    18.195       18.325 +- 0.195     0.130   0.02041   0.00035 
      390.00      1.8 atm    18.261       18.554 +- 0.196     0.293   0.02041   0.00175 
      400.00      2.4 atm    18.337       18.270 +- 0.196    -0.067   0.02041   0.00009 
      410.00      3.3 atm    18.425       18.500 +- 0.198     0.075   0.02041   0.00012 
      420.00      4.3 atm    18.525       18.316 +- 0.185    -0.209   0.02041   0.00089 
      430.00      5.6 atm    18.639       18.476 +- 0.191    -0.163   0.02041   0.00054 
      440.00      7.2 atm    18.769       18.607 +- 0.196    -0.162   0.02041   0.00053 
      450.00      9.2 atm    18.918       18.429 +- 0.199    -0.489   0.02041   0.00487 
      298.15   1000.0 bar    17.123       18.109 +- 0.111     0.986   0.02041   0.01985 
      298.15   2000.0 bar    16.703       17.688 +- 0.131     0.985   0.02041   0.01982 
      298.15   3000.0 bar    16.492       17.211 +- 0.120     0.719   0.02041   0.01055 
      298.15   4000.0 bar    16.375       16.883 +- 0.110     0.508   0.02041   0.00526 
      298.15   5000.0 bar    16.301       16.633 +- 0.106     0.332   0.02041   0.00225 
      298.15   6000.0 bar    16.251       16.555 +- 0.100     0.304   0.02041   0.00189 
      298.15   7000.0 bar    16.216       16.658 +- 0.096     0.442   0.02041   0.00398 
      298.15   8000.0 bar    16.195       16.699 +- 0.103     0.504   0.02041   0.00518 
      298.15   9000.0 bar    16.186       16.599 +- 0.131     0.413   0.02041   0.00348 
--------------------------------------------------------------------------------------------
#===========================================================#
#| [92m Heat Capacity objective function:  0.925, Derivative: [0m |#
#===========================================================#
   0 [  6.1215e+00 ] : VirtualSite/weight1/HOH-3
   1 [ -2.2192e+00 ] : Atom/epsilon/tip4p-O
   2 [ -6.3487e+01 ] : Atom/sigma/tip4p-O
   3 [ -4.7870e+00 ] : Atom/charge/tip4p-H
-------------------------------------------------------------
#==========================================================================================#
#| [1;94m                              Liquid Dielectric Constant                              [0m |#
#| [1;94m Temperature  Pressure  Reference  Calculated +- Stdev     Delta    Weight    Term    [0m |#
#==========================================================================================#
      249.15      1.0 atm    98.650       93.520 +- 2.044    -5.130   0.00000   0.00000 
      253.15      1.0 atm    96.580       92.682 +- 1.570    -3.898   0.00000   0.00000 
      257.15      1.0 atm    94.683       91.509 +- 1.247    -3.174   0.00000   0.00000 
      261.15      1.0 atm    92.898       90.119 +- 1.046    -2.779   0.00000   0.00000 
      265.15      1.0 atm    91.186       88.588 +- 0.908    -2.598   0.00000   0.00000 
      269.15      1.0 atm    89.525       87.003 +- 0.809    -2.522   0.00000   0.00000 
      273.15      1.0 atm    87.903       85.447 +- 0.731    -2.456   0.02326   0.03506 
      277.15      1.0 atm    86.311       83.930 +- 0.656    -2.381   0.02326   0.03295 
      281.15      1.0 atm    84.749       82.454 +- 0.588    -2.295   0.02326   0.03063 
      285.15      1.0 atm    83.213       81.068 +- 0.531    -2.145   0.02326   0.02676 
      289.15      1.0 atm    81.705       79.806 +- 0.483    -1.899   0.02326   0.02097 
      293.15      1.0 atm    80.223       78.649 +- 0.443    -1.574   0.02326   0.01441 
      298.15      1.0 atm    78.409       77.288 +- 0.404    -1.121   0.02326   0.00730 
      301.15      1.0 atm    77.339       76.477 +- 0.385    -0.862   0.02326   0.00432 
      305.15      1.0 atm    75.935       75.351 +- 0.362    -0.584   0.02326   0.00198 
      309.15      1.0 atm    74.556       74.151 +- 0.342    -0.405   0.02326   0.00095 
      313.15      1.0 atm    73.200       72.893 +- 0.322    -0.307   0.02326   0.00055 
      317.15      1.0 atm    71.869       71.628 +- 0.302    -0.241   0.02326   0.00034 
      321.15      1.0 atm    70.560       70.407 +- 0.282    -0.153   0.02326   0.00014 
      325.15      1.0 atm    69.275       69.251 +- 0.264    -0.024   0.02326   0.00000 
      329.15      1.0 atm    68.012       68.133 +- 0.250     0.121   0.02326   0.00008 
      333.15      1.0 atm    66.772       67.012 +- 0.236     0.240   0.02326   0.00034 
      337.15      1.0 atm    65.555       65.880 +- 0.223     0.325   0.02326   0.00061 
      341.15      1.0 atm    64.359       64.759 +- 0.210     0.400   0.02326   0.00093 
      345.15      1.0 atm    63.184       63.668 +- 0.198     0.484   0.02326   0.00136 
      349.15      1.0 atm    62.030       62.597 +- 0.188     0.567   0.02326   0.00187 
      353.15      1.0 atm    60.897       61.533 +- 0.179     0.636   0.02326   0.00235 
      357.15      1.0 atm    59.784       60.480 +- 0.175     0.696   0.02326   0.00281 
      361.15      1.0 atm    58.691       59.454 +- 0.176     0.763   0.02326   0.00338 
      365.15      1.0 atm    57.617       58.454 +- 0.183     0.837   0.02326   0.00407 
      369.15      1.0 atm    56.561       57.453 +- 0.198     0.892   0.02326   0.00462 
      373.15      1.0 atm    55.522       56.419 +- 0.217     0.897   0.02326   0.00468 
      380.00      1.3 atm    53.796       54.918 +- 0.414     1.122   0.02326   0.00732 
      390.00      1.8 atm    51.363       53.022 +- 0.372     1.659   0.02326   0.01600 
      400.00      2.4 atm    49.037       50.265 +- 0.342     1.228   0.02326   0.00876 
      410.00      3.3 atm    46.812       48.249 +- 0.322     1.437   0.02326   0.01200 
      420.00      4.3 atm    44.682       46.688 +- 0.287     2.006   0.02326   0.02340 
      430.00      5.6 atm    42.642       44.426 +- 0.265     1.784   0.02326   0.01851 
      440.00      7.2 atm    40.687       42.496 +- 0.244     1.809   0.02326   0.01902 
      450.00      9.2 atm    38.810       40.850 +- 0.213     2.040   0.02326   0.02419 
      298.15   1000.0 bar    81.900       81.814 +- 0.630    -0.086   0.02326   0.00004 
      298.15   2000.0 bar    85.015       85.163 +- 0.744     0.148   0.02326   0.00013 
      298.15   3000.0 bar    87.870       88.298 +- 0.717     0.428   0.02326   0.00107 
      298.15   4000.0 bar    90.545       91.858 +- 0.693     1.313   0.02326   0.01002 
      298.15   5000.0 bar    93.087       95.417 +- 0.684     2.330   0.02326   0.03157 
      298.15   6000.0 bar    95.529       97.955 +- 0.666     2.426   0.02326   0.03422 
      298.15   7000.0 bar    97.891       99.874 +- 0.654     1.983   0.02326   0.02286 
      298.15   8000.0 bar   100.184      101.766 +- 0.691     1.582   0.02326   0.01454 
      298.15   9000.0 bar   102.416      104.335 +- 0.899     1.919   0.02326   0.02141 
--------------------------------------------------------------------------------------------
